CRITICAL - 2023-05-24 04:52:07 --> Class "App\Controllers\ApiModel" not found
in APPPATH\Controllers\H31.php on line 12.
 1 SYSTEMPATH\CodeIgniter.php(934): App\Controllers\H31->h31()
 2 SYSTEMPATH\CodeIgniter.php(499): CodeIgniter\CodeIgniter->runController(Object(App\Controllers\H31))
 3 SYSTEMPATH\CodeIgniter.php(368): CodeIgniter\CodeIgniter->handleRequest(null, Object(Config\Cache), false)
 4 FCPATH\index.php(67): CodeIgniter\CodeIgniter->run()
 5 SYSTEMPATH\Commands\Server\rewrite.php(47): require_once('FCPATH\\index.php')
ERROR - 2023-05-24 04:53:45 --> Error connecting to the database: mysqli_sql_exception: Access denied for user 'phpmyadmin'@'localhost' (using password: YES) in E:\xampp\htdocs\logdata1\logdata\system\Database\MySQLi\Connection.php:174
Stack trace:
#0 E:\xampp\htdocs\logdata1\logdata\system\Database\MySQLi\Connection.php(174): mysqli->real_connect('localhost', 'phpmyadmin', 'Cloudhost12345', 'db_kel7', 3306, '', 0)
#1 E:\xampp\htdocs\logdata1\logdata\system\Database\BaseConnection.php(391): CodeIgniter\Database\MySQLi\Connection->connect(false)
#2 E:\xampp\htdocs\logdata1\logdata\system\Database\BaseConnection.php(573): CodeIgniter\Database\BaseConnection->initialize()
#3 E:\xampp\htdocs\logdata1\logdata\system\Database\BaseBuilder.php(1616): CodeIgniter\Database\BaseConnection->query('SELECT *\nFROM `...', Array, false)
#4 E:\xampp\htdocs\logdata1\logdata\system\Model.php(241): CodeIgniter\Database\BaseBuilder->get()
#5 E:\xampp\htdocs\logdata1\logdata\system\BaseModel.php(618): CodeIgniter\Model->doFindAll(0, 0)
#6 E:\xampp\htdocs\logdata1\logdata\app\Controllers\H31.php(15): CodeIgniter\BaseModel->findAll()
#7 E:\xampp\htdocs\logdata1\logdata\system\CodeIgniter.php(934): App\Controllers\H31->h31()
#8 E:\xampp\htdocs\logdata1\logdata\system\CodeIgniter.php(499): CodeIgniter\CodeIgniter->runController(Object(App\Controllers\H31))
#9 E:\xampp\htdocs\logdata1\logdata\system\CodeIgniter.php(368): CodeIgniter\CodeIgniter->handleRequest(NULL, Object(Config\Cache), false)
#10 E:\xampp\htdocs\logdata1\logdata\public\index.php(67): CodeIgniter\CodeIgniter->run()
#11 E:\xampp\htdocs\logdata1\logdata\system\Commands\Server\rewrite.php(47): require_once('E:\\xampp\\htdocs...')
#12 {main}

Next CodeIgniter\Database\Exceptions\DatabaseException: Access denied for user '****'@'localhost' (using password: YES) in E:\xampp\htdocs\logdata1\logdata\system\Database\MySQLi\Connection.php:218
Stack trace:
#0 E:\xampp\htdocs\logdata1\logdata\system\Database\BaseConnection.php(391): CodeIgniter\Database\MySQLi\Connection->connect(false)
#1 E:\xampp\htdocs\logdata1\logdata\system\Database\BaseConnection.php(573): CodeIgniter\Database\BaseConnection->initialize()
#2 E:\xampp\htdocs\logdata1\logdata\system\Database\BaseBuilder.php(1616): CodeIgniter\Database\BaseConnection->query('SELECT *\nFROM `...', Array, false)
#3 E:\xampp\htdocs\logdata1\logdata\system\Model.php(241): CodeIgniter\Database\BaseBuilder->get()
#4 E:\xampp\htdocs\logdata1\logdata\system\BaseModel.php(618): CodeIgniter\Model->doFindAll(0, 0)
#5 E:\xampp\htdocs\logdata1\logdata\app\Controllers\H31.php(15): CodeIgniter\BaseModel->findAll()
#6 E:\xampp\htdocs\logdata1\logdata\system\CodeIgniter.php(934): App\Controllers\H31->h31()
#7 E:\xampp\htdocs\logdata1\logdata\system\CodeIgniter.php(499): CodeIgniter\CodeIgniter->runController(Object(App\Controllers\H31))
#8 E:\xampp\htdocs\logdata1\logdata\system\CodeIgniter.php(368): CodeIgniter\CodeIgniter->handleRequest(NULL, Object(Config\Cache), false)
#9 E:\xampp\htdocs\logdata1\logdata\public\index.php(67): CodeIgniter\CodeIgniter->run()
#10 E:\xampp\htdocs\logdata1\logdata\system\Commands\Server\rewrite.php(47): require_once('E:\\xampp\\htdocs...')
#11 {main}
CRITICAL - 2023-05-24 04:53:45 --> Unable to connect to the database.
Main connection [MySQLi]: Access denied for user '****'@'localhost' (using password: YES)
in SYSTEMPATH\Database\BaseConnection.php on line 427.
 1 SYSTEMPATH\Database\BaseConnection.php(573): CodeIgniter\Database\BaseConnection->initialize()
 2 SYSTEMPATH\Database\BaseBuilder.php(1616): CodeIgniter\Database\BaseConnection->query('SELECT *
FROM `logdata`', [], false)
 3 SYSTEMPATH\Model.php(241): CodeIgniter\Database\BaseBuilder->get()
 4 SYSTEMPATH\BaseModel.php(618): CodeIgniter\Model->doFindAll(0, 0)
 5 APPPATH\Controllers\H31.php(15): CodeIgniter\BaseModel->findAll()
 6 SYSTEMPATH\CodeIgniter.php(934): App\Controllers\H31->h31()
 7 SYSTEMPATH\CodeIgniter.php(499): CodeIgniter\CodeIgniter->runController(Object(App\Controllers\H31))
 8 SYSTEMPATH\CodeIgniter.php(368): CodeIgniter\CodeIgniter->handleRequest(null, Object(Config\Cache), false)
 9 FCPATH\index.php(67): CodeIgniter\CodeIgniter->run()
10 SYSTEMPATH\Commands\Server\rewrite.php(47): require_once('FCPATH\\index.php')
