CRITICAL - 2023-05-28 14:29:52 --> Undefined variable $kelembapan
in APPPATH\Views\h31.php on line 931.
 1 APPPATH\Views\h31.php(931): CodeIgniter\Debug\Exceptions->errorHandler(2, 'Undefined variable $kelembapan', 'APPPATH\\Views\\h31.php', 931)
 2 SYSTEMPATH\View\View.php(213): include('APPPATH\\Views\\h31.php')
 3 SYSTEMPATH\View\View.php(216): CodeIgniter\View\View->CodeIgniter\View\{closure}()
 4 SYSTEMPATH\Common.php(1184): CodeIgniter\View\View->render('h31', [], true)
 5 APPPATH\Controllers\H31.php(44): view('h31', [...])
 6 SYSTEMPATH\CodeIgniter.php(934): App\Controllers\H31->h31()
 7 SYSTEMPATH\CodeIgniter.php(499): CodeIgniter\CodeIgniter->runController(Object(App\Controllers\H31))
 8 SYSTEMPATH\CodeIgniter.php(368): CodeIgniter\CodeIgniter->handleRequest(null, Object(Config\Cache), false)
 9 FCPATH\index.php(67): CodeIgniter\CodeIgniter->run()
10 SYSTEMPATH\Commands\Server\rewrite.php(47): require_once('FCPATH\\index.php')
CRITICAL - 2023-05-28 14:36:41 --> Undefined variable $kelembapan
in APPPATH\Views\h31.php on line 931.
 1 APPPATH\Views\h31.php(931): CodeIgniter\Debug\Exceptions->errorHandler(2, 'Undefined variable $kelembapan', 'APPPATH\\Views\\h31.php', 931)
 2 SYSTEMPATH\View\View.php(213): include('APPPATH\\Views\\h31.php')
 3 SYSTEMPATH\View\View.php(216): CodeIgniter\View\View->CodeIgniter\View\{closure}()
 4 SYSTEMPATH\Common.php(1184): CodeIgniter\View\View->render('h31', [], true)
 5 APPPATH\Controllers\H31.php(44): view('h31', [...])
 6 SYSTEMPATH\CodeIgniter.php(934): App\Controllers\H31->h31()
 7 SYSTEMPATH\CodeIgniter.php(499): CodeIgniter\CodeIgniter->runController(Object(App\Controllers\H31))
 8 SYSTEMPATH\CodeIgniter.php(368): CodeIgniter\CodeIgniter->handleRequest(null, Object(Config\Cache), false)
 9 FCPATH\index.php(67): CodeIgniter\CodeIgniter->run()
10 SYSTEMPATH\Commands\Server\rewrite.php(47): require_once('FCPATH\\index.php')
CRITICAL - 2023-05-28 14:36:42 --> Undefined variable $kelembapan
in APPPATH\Views\h31.php on line 931.
 1 APPPATH\Views\h31.php(931): CodeIgniter\Debug\Exceptions->errorHandler(2, 'Undefined variable $kelembapan', 'APPPATH\\Views\\h31.php', 931)
 2 SYSTEMPATH\View\View.php(213): include('APPPATH\\Views\\h31.php')
 3 SYSTEMPATH\View\View.php(216): CodeIgniter\View\View->CodeIgniter\View\{closure}()
 4 SYSTEMPATH\Common.php(1184): CodeIgniter\View\View->render('h31', [], true)
 5 APPPATH\Controllers\H31.php(44): view('h31', [...])
 6 SYSTEMPATH\CodeIgniter.php(934): App\Controllers\H31->h31()
 7 SYSTEMPATH\CodeIgniter.php(499): CodeIgniter\CodeIgniter->runController(Object(App\Controllers\H31))
 8 SYSTEMPATH\CodeIgniter.php(368): CodeIgniter\CodeIgniter->handleRequest(null, Object(Config\Cache), false)
 9 FCPATH\index.php(67): CodeIgniter\CodeIgniter->run()
10 SYSTEMPATH\Commands\Server\rewrite.php(47): require_once('FCPATH\\index.php')
CRITICAL - 2023-05-28 14:36:59 --> Undefined variable $kelembapan
in APPPATH\Views\h31.php on line 931.
 1 APPPATH\Views\h31.php(931): CodeIgniter\Debug\Exceptions->errorHandler(2, 'Undefined variable $kelembapan', 'APPPATH\\Views\\h31.php', 931)
 2 SYSTEMPATH\View\View.php(213): include('APPPATH\\Views\\h31.php')
 3 SYSTEMPATH\View\View.php(216): CodeIgniter\View\View->CodeIgniter\View\{closure}()
 4 SYSTEMPATH\Common.php(1184): CodeIgniter\View\View->render('h31', [], true)
 5 APPPATH\Controllers\H31.php(44): view('h31', [...])
 6 SYSTEMPATH\CodeIgniter.php(934): App\Controllers\H31->h31()
 7 SYSTEMPATH\CodeIgniter.php(499): CodeIgniter\CodeIgniter->runController(Object(App\Controllers\H31))
 8 SYSTEMPATH\CodeIgniter.php(368): CodeIgniter\CodeIgniter->handleRequest(null, Object(Config\Cache), false)
 9 FCPATH\index.php(67): CodeIgniter\CodeIgniter->run()
10 SYSTEMPATH\Commands\Server\rewrite.php(47): require_once('FCPATH\\index.php')
CRITICAL - 2023-05-28 14:39:27 --> Undefined variable $kelembapan
in APPPATH\Views\h31.php on line 978.
 1 APPPATH\Views\h31.php(978): CodeIgniter\Debug\Exceptions->errorHandler(2, 'Undefined variable $kelembapan', 'APPPATH\\Views\\h31.php', 978)
 2 SYSTEMPATH\View\View.php(213): include('APPPATH\\Views\\h31.php')
 3 SYSTEMPATH\View\View.php(216): CodeIgniter\View\View->CodeIgniter\View\{closure}()
 4 SYSTEMPATH\Common.php(1184): CodeIgniter\View\View->render('h31', [], true)
 5 APPPATH\Controllers\H31.php(44): view('h31', [...])
 6 SYSTEMPATH\CodeIgniter.php(934): App\Controllers\H31->h31()
 7 SYSTEMPATH\CodeIgniter.php(499): CodeIgniter\CodeIgniter->runController(Object(App\Controllers\H31))
 8 SYSTEMPATH\CodeIgniter.php(368): CodeIgniter\CodeIgniter->handleRequest(null, Object(Config\Cache), false)
 9 FCPATH\index.php(67): CodeIgniter\CodeIgniter->run()
10 SYSTEMPATH\Commands\Server\rewrite.php(47): require_once('FCPATH\\index.php')
CRITICAL - 2023-05-28 14:39:28 --> Undefined variable $kelembapan
in APPPATH\Views\h31.php on line 978.
 1 APPPATH\Views\h31.php(978): CodeIgniter\Debug\Exceptions->errorHandler(2, 'Undefined variable $kelembapan', 'APPPATH\\Views\\h31.php', 978)
 2 SYSTEMPATH\View\View.php(213): include('APPPATH\\Views\\h31.php')
 3 SYSTEMPATH\View\View.php(216): CodeIgniter\View\View->CodeIgniter\View\{closure}()
 4 SYSTEMPATH\Common.php(1184): CodeIgniter\View\View->render('h31', [], true)
 5 APPPATH\Controllers\H31.php(44): view('h31', [...])
 6 SYSTEMPATH\CodeIgniter.php(934): App\Controllers\H31->h31()
 7 SYSTEMPATH\CodeIgniter.php(499): CodeIgniter\CodeIgniter->runController(Object(App\Controllers\H31))
 8 SYSTEMPATH\CodeIgniter.php(368): CodeIgniter\CodeIgniter->handleRequest(null, Object(Config\Cache), false)
 9 FCPATH\index.php(67): CodeIgniter\CodeIgniter->run()
10 SYSTEMPATH\Commands\Server\rewrite.php(47): require_once('FCPATH\\index.php')
